<?xml version="1.0" encoding="UTF-8"?>
<testsuite xmlns:xsi="http://www.w3.org/2001/XMLSchema-instance" xsi:noNamespaceSchemaLocation="https://maven.apache.org/surefire/maven-surefire-plugin/xsd/surefire-test-report.xsd" name="top.javahai.chatroom.ChatroomApplicationTests" time="4.287" tests="4" errors="1" skipped="0" failures="0">
  <properties>
[...]
</properties>
  <testcase name="test01" classname="top.javahai.chatroom.ChatroomApplicationTests" time="0.264"/>
  <testcase name="test02" classname="top.javahai.chatroom.ChatroomApplicationTests" time="0.143">
    <error type="java.lang.ExceptionInInitializerError">java.lang.ExceptionInInitializerError
	at top.javahai.chatroom.ChatroomApplicationTests.test02(ChatroomApplicationTests.java:37)
Caused by: java.lang.reflect.InaccessibleObjectException: Unable to make field private final java.util.Comparator java.util.TreeMap.comparator accessible: module java.base does not "opens java.util" to unnamed module @3fee9989
	at top.javahai.chatroom.ChatroomApplicationTests.test02(ChatroomApplicationTests.java:37)
</error>
  </testcase>
  <testcase name="test04" classname="top.javahai.chatroom.ChatroomApplicationTests" time="0.003"/>
  <testcase name="contextLoads" classname="top.javahai.chatroom.ChatroomApplicationTests" time="0.071"/>
</testsuite>